This is pdfTeX, Version 3.141592653-2.6-1.40.23 (MiKTeX 21.7) (preloaded format=pdflatex 2021.7.25)  25 JUL 2021 01:20
entering extended mode
**./main.tex
(main.tex
LaTeX2e <2021-06-01> patch level 1
L3 programming layer <2021-07-12>
(C:\Program Files\MiKTeX\tex/latex/base\article.cls
Document Class: article 2021/02/12 v1.4n Standard LaTeX document class
(C:\Program Files\MiKTeX\tex/latex/base\size10.clo
File: size10.clo 2021/02/12 v1.4n Standard LaTeX file (size option)
)
\c@part=\count182
\c@section=\count183
\c@subsection=\count184
\c@subsubsection=\count185
\c@paragraph=\count186
\c@subparagraph=\count187
\c@figure=\count188
\c@table=\count189
\abovecaptionskip=\skip47
\belowcaptionskip=\skip48
\bibindent=\dimen138
) (nips_2018.sty
Package: nips_2018 2018/03/03 NIPS 2018 submission/camera-ready style file

(C:\Program Files\MiKTeX\tex/latex/geometry\geometry.sty
Package: geometry 2020/01/02 v5.9 Page Geometry

(C:\Program Files\MiKTeX\tex/latex/graphics\keyval.sty
Package: keyval 2014/10/28 v1.15 key=value parser (DPC)
\KV@toks@=\toks16
)
(C:\Program Files\MiKTeX\tex/generic/iftex\ifvtex.sty
Package: ifvtex 2019/10/25 v1.7 ifvtex legacy package. Use iftex instead.

(C:\Program Files\MiKTeX\tex/generic/iftex\iftex.sty
Package: iftex 2020/03/06 v1.0d TeX engine tests
))
\Gm@cnth=\count190
\Gm@cntv=\count191
\c@Gm@tempcnt=\count192
\Gm@bindingoffset=\dimen139
\Gm@wd@mp=\dimen140
\Gm@odd@mp=\dimen141
\Gm@even@mp=\dimen142
\Gm@layoutwidth=\dimen143
\Gm@layoutheight=\dimen144
\Gm@layouthoffset=\dimen145
\Gm@layoutvoffset=\dimen146
\Gm@dimlist=\toks17

(C:\Program Files\MiKTeX\tex/latex/geometry\geometry.cfg))
\@nipsabovecaptionskip=\skip49
\@nipsbelowcaptionskip=\skip50
)
(C:\Program Files\MiKTeX\tex/latex/float\float.sty
Package: float 2001/11/08 v1.3d Float enhancements (AL)
\c@float@type=\count193
\float@exts=\toks18
\float@box=\box50
\@float@everytoks=\toks19
\@floatcapt=\box51
)
(C:\Program Files\MiKTeX\tex/latex/natbib\natbib.sty
Package: natbib 2010/09/13 8.31b (PWD, AO)
\bibhang=\skip51
\bibsep=\skip52
LaTeX Info: Redefining \cite on input line 694.
\c@NAT@ctr=\count194
)
(C:\Program Files\MiKTeX\tex/latex/base\inputenc.sty
Package: inputenc 2021/02/14 v1.3d Input encoding file
\inpenc@prehook=\toks20
\inpenc@posthook=\toks21
)
(C:\Program Files\MiKTeX\tex/latex/base\fontenc.sty
Package: fontenc 2021/04/29 v2.0v Standard LaTeX package
LaTeX Font Info:    Trying to load font information for T1+ptm on input line 11
2.

(C:\Program Files\MiKTeX\tex/latex/psnfss\t1ptm.fd
File: t1ptm.fd 2001/06/04 font definitions for T1/ptm.
))
(C:\Program Files\MiKTeX\tex/latex/hyperref\hyperref.sty
Package: hyperref 2021-06-07 v7.00m Hypertext links for LaTeX

(C:\Program Files\MiKTeX\tex/generic/ltxcmds\ltxcmds.sty
Package: ltxcmds 2020-05-10 v1.25 LaTeX kernel commands for general use (HO)
)
(C:\Program Files\MiKTeX\tex/generic/pdftexcmds\pdftexcmds.sty
Package: pdftexcmds 2020-06-27 v0.33 Utility functions of pdfTeX for LuaTeX (HO
)

(C:\Program Files\MiKTeX\tex/generic/infwarerr\infwarerr.sty
Package: infwarerr 2019/12/03 v1.5 Providing info/warning/error messages (HO)
)
Package pdftexcmds Info: \pdf@primitive is available.
Package pdftexcmds Info: \pdf@ifprimitive is available.
Package pdftexcmds Info: \pdfdraftmode found.
)
(C:\Program Files\MiKTeX\tex/generic/kvsetkeys\kvsetkeys.sty
Package: kvsetkeys 2019/12/15 v1.18 Key value parser (HO)
)
(C:\Program Files\MiKTeX\tex/generic/kvdefinekeys\kvdefinekeys.sty
Package: kvdefinekeys 2019-12-19 v1.6 Define keys (HO)
)
(C:\Program Files\MiKTeX\tex/generic/pdfescape\pdfescape.sty
Package: pdfescape 2019/12/09 v1.15 Implements pdfTeX's escape features (HO)
)
(C:\Program Files\MiKTeX\tex/latex/hycolor\hycolor.sty
Package: hycolor 2020-01-27 v1.10 Color options for hyperref/bookmark (HO)
)
(C:\Program Files\MiKTeX\tex/latex/letltxmacro\letltxmacro.sty
Package: letltxmacro 2019/12/03 v1.6 Let assignment for LaTeX macros (HO)
)
(C:\Program Files\MiKTeX\tex/latex/auxhook\auxhook.sty
Package: auxhook 2019-12-17 v1.6 Hooks for auxiliary files (HO)
)
(C:\Program Files\MiKTeX\tex/latex/kvoptions\kvoptions.sty
Package: kvoptions 2020-10-07 v3.14 Key value format for package options (HO)
)
\@linkdim=\dimen147
\Hy@linkcounter=\count195
\Hy@pagecounter=\count196

(C:\Program Files\MiKTeX\tex/latex/hyperref\pd1enc.def
File: pd1enc.def 2021-06-07 v7.00m Hyperref: PDFDocEncoding definition (HO)
Now handling font encoding PD1 ...
... no UTF-8 mapping file for font encoding PD1
)
(C:\Program Files\MiKTeX\tex/latex/hyperref\hyperref-langpatches.def
File: hyperref-langpatches.def 2021-06-07 v7.00m Hyperref: patches for babel la
nguages
)
(C:\Program Files\MiKTeX\tex/generic/intcalc\intcalc.sty
Package: intcalc 2019/12/15 v1.3 Expandable calculations with integers (HO)
)
(C:\Program Files\MiKTeX\tex/generic/etexcmds\etexcmds.sty
Package: etexcmds 2019/12/15 v1.7 Avoid name clashes with e-TeX commands (HO)
)
\Hy@SavedSpaceFactor=\count197

(C:\Program Files\MiKTeX\tex/latex/hyperref\puenc.def
File: puenc.def 2021-06-07 v7.00m Hyperref: PDF Unicode definition (HO)
Now handling font encoding PU ...
... no UTF-8 mapping file for font encoding PU
)
Package hyperref Info: Hyper figures OFF on input line 4192.
Package hyperref Info: Link nesting OFF on input line 4197.
Package hyperref Info: Hyper index ON on input line 4200.
Package hyperref Info: Plain pages OFF on input line 4207.
Package hyperref Info: Backreferencing OFF on input line 4212.
Package hyperref Info: Implicit mode ON; LaTeX internals redefined.
Package hyperref Info: Bookmarks ON on input line 4445.
\c@Hy@tempcnt=\count198

(C:\Program Files\MiKTeX\tex/latex/url\url.sty
\Urlmuskip=\muskip16
Package: url 2013/09/16  ver 3.4  Verb mode for urls, etc.
)
LaTeX Info: Redefining \url on input line 4804.
\XeTeXLinkMargin=\dimen148

(C:\Program Files\MiKTeX\tex/generic/bitset\bitset.sty
Package: bitset 2019/12/09 v1.3 Handle bit-vector datatype (HO)

(C:\Program Files\MiKTeX\tex/generic/bigintcalc\bigintcalc.sty
Package: bigintcalc 2019/12/15 v1.5 Expandable calculations on big integers (HO
)
))
\Fld@menulength=\count199
\Field@Width=\dimen149
\Fld@charsize=\dimen150
Package hyperref Info: Hyper figures OFF on input line 6076.
Package hyperref Info: Link nesting OFF on input line 6081.
Package hyperref Info: Hyper index ON on input line 6084.
Package hyperref Info: backreferencing OFF on input line 6091.
Package hyperref Info: Link coloring OFF on input line 6096.
Package hyperref Info: Link coloring with OCG OFF on input line 6101.
Package hyperref Info: PDF/A mode OFF on input line 6106.
LaTeX Info: Redefining \ref on input line 6146.
LaTeX Info: Redefining \pageref on input line 6150.

(C:\Program Files\MiKTeX\tex/latex/base\atbegshi-ltx.sty
Package: atbegshi-ltx 2021/01/10 v1.0c Emulation of the original atbegshi
package with kernel methods
)
\Hy@abspage=\count266
\c@Item=\count267
\c@Hfootnote=\count268
)
Package hyperref Info: Driver (autodetected): hpdftex.

(C:\Program Files\MiKTeX\tex/latex/hyperref\hpdftex.def
File: hpdftex.def 2021-06-07 v7.00m Hyperref driver for pdfTeX

(C:\Program Files\MiKTeX\tex/latex/base\atveryend-ltx.sty
Package: atveryend-ltx 2020/08/19 v1.0a Emulation of the original atvery packag
e
with kernel methods
)
\Fld@listcount=\count269
\c@bookmark@seq@number=\count270

(C:\Program Files\MiKTeX\tex/latex/rerunfilecheck\rerunfilecheck.sty
Package: rerunfilecheck 2019/12/05 v1.9 Rerun checks for auxiliary files (HO)

(C:\Program Files\MiKTeX\tex/generic/uniquecounter\uniquecounter.sty
Package: uniquecounter 2019/12/15 v1.4 Provide unlimited unique counter (HO)
)
Package uniquecounter Info: New unique counter `rerunfilecheck' on input line 2
86.
)
\Hy@SectionHShift=\skip53
)
(C:\Program Files\MiKTeX\tex/latex/booktabs\booktabs.sty
Package: booktabs 2020/01/12 v1.61803398 Publication quality tables
\heavyrulewidth=\dimen151
\lightrulewidth=\dimen152
\cmidrulewidth=\dimen153
\belowrulesep=\dimen154
\belowbottomsep=\dimen155
\aboverulesep=\dimen156
\abovetopsep=\dimen157
\cmidrulesep=\dimen158
\cmidrulekern=\dimen159
\defaultaddspace=\dimen160
\@cmidla=\count271
\@cmidlb=\count272
\@aboverulesep=\dimen161
\@belowrulesep=\dimen162
\@thisruleclass=\count273
\@lastruleclass=\count274
\@thisrulewidth=\dimen163
)
(C:\Program Files\MiKTeX\tex/latex/amsfonts\amsfonts.sty
Package: amsfonts 2013/01/14 v3.01 Basic AMSFonts support
\@emptytoks=\toks22
\symAMSa=\mathgroup4
\symAMSb=\mathgroup5
LaTeX Font Info:    Redeclaring math symbol \hbar on input line 98.
LaTeX Font Info:    Overwriting math alphabet `\mathfrak' in version `bold'
(Font)                  U/euf/m/n --> U/euf/b/n on input line 106.
)
(C:\Program Files\MiKTeX\tex/latex/units\nicefrac.sty
Package: nicefrac 1998/08/04 v0.9b Nice fractions
\L@UnitsRaiseDisplaystyle=\skip54
\L@UnitsRaiseTextstyle=\skip55
\L@UnitsRaiseScriptstyle=\skip56

(C:\Program Files\MiKTeX\tex/latex/base\ifthen.sty
Package: ifthen 2020/11/24 v1.1c Standard LaTeX ifthen package (DPC)
))
(C:\Program Files\MiKTeX\tex/latex/microtype\microtype.sty
Package: microtype 2021/03/14 v2.8c Micro-typographical refinements (RS)
\MT@toks=\toks23
\MT@count=\count275
LaTeX Info: Redefining \textls on input line 790.
\MT@outer@kern=\dimen164
LaTeX Info: Redefining \textmicrotypecontext on input line 1374.
\MT@listname@count=\count276

(C:\Program Files\MiKTeX\tex/latex/microtype\microtype-pdftex.def
File: microtype-pdftex.def 2021/03/14 v2.8c Definitions specific to pdftex (RS)

LaTeX Info: Redefining \lsstyle on input line 915.
LaTeX Info: Redefining \lslig on input line 915.
\MT@outer@space=\skip57
)
Package microtype Info: Loading configuration file microtype.cfg.

(C:\Program Files\MiKTeX\tex/latex/microtype\microtype.cfg
File: microtype.cfg 2021/03/14 v2.8c microtype main configuration file (RS)
))
(C:\Program Files\MiKTeX\tex/latex/graphics\graphicx.sty
Package: graphicx 2020/12/05 v1.2c Enhanced LaTeX Graphics (DPC,SPQR)

(C:\Program Files\MiKTeX\tex/latex/graphics\graphics.sty
Package: graphics 2021/03/04 v1.4d Standard LaTeX Graphics (DPC,SPQR)

(C:\Program Files\MiKTeX\tex/latex/graphics\trig.sty
Package: trig 2016/01/03 v1.10 sin cos tan (DPC)
)
(C:\Program Files\MiKTeX\tex/latex/graphics-cfg\graphics.cfg
File: graphics.cfg 2016/06/04 v1.11 sample graphics configuration
)
Package graphics Info: Driver file: pdftex.def on input line 107.

(C:\Program Files\MiKTeX\tex/latex/graphics-def\pdftex.def
File: pdftex.def 2020/10/05 v1.2a Graphics/color driver for pdftex
))
\Gin@req@height=\dimen165
\Gin@req@width=\dimen166
)
(C:\Program Files\MiKTeX\tex/latex/tools\tabularx.sty
Package: tabularx 2020/01/15 v2.11c `tabularx' package (DPC)

(C:\Program Files\MiKTeX\tex/latex/tools\array.sty
Package: array 2021/04/20 v2.5e Tabular extension package (FMi)
\col@sep=\dimen167
\ar@mcellbox=\box52
\extrarowheight=\dimen168
\NC@list=\toks24
\extratabsurround=\skip58
\backup@length=\skip59
\ar@cellbox=\box53
)
\TX@col@width=\dimen169
\TX@old@table=\dimen170
\TX@old@col=\dimen171
\TX@target=\dimen172
\TX@delta=\dimen173
\TX@cols=\count277
\TX@ftn=\toks25
)
(C:\Program Files\MiKTeX\tex/latex/l3backend\l3backend-pdftex.def
File: l3backend-pdftex.def 2021-07-12 L3 backend support: PDF output (pdfTeX)
\l__color_backend_stack_int=\count278
\l__pdf_internal_box=\box54
) (main.aux)
\openout1 = `main.aux'.

LaTeX Font Info:    Checking defaults for OML/cmm/m/it on input line 56.
LaTeX Font Info:    ... okay on input line 56.
LaTeX Font Info:    Checking defaults for OMS/cmsy/m/n on input line 56.
LaTeX Font Info:    ... okay on input line 56.
LaTeX Font Info:    Checking defaults for OT1/cmr/m/n on input line 56.
LaTeX Font Info:    ... okay on input line 56.
LaTeX Font Info:    Checking defaults for T1/cmr/m/n on input line 56.
LaTeX Font Info:    ... okay on input line 56.
LaTeX Font Info:    Checking defaults for TS1/cmr/m/n on input line 56.
LaTeX Font Info:    ... okay on input line 56.
LaTeX Font Info:    Checking defaults for OMX/cmex/m/n on input line 56.
LaTeX Font Info:    ... okay on input line 56.
LaTeX Font Info:    Checking defaults for U/cmr/m/n on input line 56.
LaTeX Font Info:    ... okay on input line 56.
LaTeX Font Info:    Checking defaults for PD1/pdf/m/n on input line 56.
LaTeX Font Info:    ... okay on input line 56.
LaTeX Font Info:    Checking defaults for PU/pdf/m/n on input line 56.
LaTeX Font Info:    ... okay on input line 56.

*geometry* driver: auto-detecting
*geometry* detected driver: pdftex
*geometry* verbose mode - [ preamble ] result:
* driver: pdftex
* paper: letterpaper
* layout: <same size as paper>
* layoutoffset:(h,v)=(0.0pt,0.0pt)
* modes: 
* h-part:(L,W,R)=(92.14519pt, 430.00462pt, 92.14519pt)
* v-part:(T,H,B)=(95.39737pt, 556.47656pt, 143.09605pt)
* \paperwidth=614.295pt
* \paperheight=794.96999pt
* \textwidth=430.00462pt
* \textheight=556.47656pt
* \oddsidemargin=19.8752pt
* \evensidemargin=19.8752pt
* \topmargin=-13.87262pt
* \headheight=12.0pt
* \headsep=25.0pt
* \topskip=10.0pt
* \footskip=30.0pt
* \marginparwidth=65.0pt
* \marginparsep=11.0pt
* \columnsep=10.0pt
* \skip\footins=9.0pt plus 4.0pt minus 2.0pt
* \hoffset=0.0pt
* \voffset=0.0pt
* \mag=1000
* \@twocolumnfalse
* \@twosidefalse
* \@mparswitchfalse
* \@reversemarginfalse
* (1in=72.27pt=25.4mm, 1cm=28.453pt)

*geometry* verbose mode - [ newgeometry ] result:
* driver: pdftex
* paper: letterpaper
* layout: <same size as paper>
* layoutoffset:(h,v)=(0.0pt,0.0pt)
* modes: 
* h-part:(L,W,R)=(108.405pt, 397.48499pt, 108.40501pt)
* v-part:(T,H,B)=(72.26999pt, 650.43pt, 72.27pt)
* \paperwidth=614.295pt
* \paperheight=794.96999pt
* \textwidth=397.48499pt
* \textheight=650.43pt
* \oddsidemargin=36.13501pt
* \evensidemargin=36.13501pt
* \topmargin=-37.0pt
* \headheight=12.0pt
* \headsep=25.0pt
* \topskip=10.0pt
* \footskip=30.0pt
* \marginparwidth=65.0pt
* \marginparsep=11.0pt
* \columnsep=10.0pt
* \skip\footins=9.0pt plus 4.0pt minus 2.0pt
* \hoffset=0.0pt
* \voffset=0.0pt
* \mag=1000
* \@twocolumnfalse
* \@twosidefalse
* \@mparswitchfalse
* \@reversemarginfalse
* (1in=72.27pt=25.4mm, 1cm=28.453pt)

Package hyperref Info: Link coloring OFF on input line 56.
(C:\Program Files\MiKTeX\tex/latex/hyperref\nameref.sty
Package: nameref 2021-04-02 v2.47 Cross-referencing by name of section

(C:\Program Files\MiKTeX\tex/latex/refcount\refcount.sty
Package: refcount 2019/12/15 v3.6 Data extraction from label references (HO)
)
(C:\Program Files\MiKTeX\tex/generic/gettitlestring\gettitlestring.sty
Package: gettitlestring 2019/12/15 v1.6 Cleanup title references (HO)
)
\c@section@level=\count279
)
LaTeX Info: Redefining \ref on input line 56.
LaTeX Info: Redefining \pageref on input line 56.
LaTeX Info: Redefining \nameref on input line 56.

(main.out) (main.out)
\@outlinefile=\write3
\openout3 = `main.out'.

LaTeX Info: Redefining \microtypecontext on input line 56.
Package microtype Info: Generating PDF output.
Package microtype Info: Character protrusion enabled (level 2).
Package microtype Info: Using default protrusion set `alltext'.
Package microtype Info: Automatic font expansion enabled (level 2),
(microtype)             stretch: 20, shrink: 20, step: 1, non-selected.
Package microtype Info: Using default expansion set `alltext-nott'.
LaTeX Info: Redefining \showhyphens on input line 56.
Package microtype Info: No adjustment of tracking.
Package microtype Info: No adjustment of interword spacing.
Package microtype Info: No adjustment of character kerning.
 (C:\Program Files\MiKTeX\tex/latex/microtype\mt-ptm.cfg
File: mt-ptm.cfg 2006/04/20 v1.7 microtype config. file: Times (RS)
)
(C:\Program Files\MiKTeX\tex/context/base/mkii\supp-pdf.mkii
[Loading MPS to PDF converter (version 2006.09.02).]
\scratchcounter=\count280
\scratchdimen=\dimen174
\scratchbox=\box55
\nofMPsegments=\count281
\nofMParguments=\count282
\everyMPshowfont=\toks26
\MPscratchCnt=\count283
\MPscratchDim=\dimen175
\MPnumerator=\count284
\makeMPintoPDFobject=\count285
\everyMPtoPDFconversion=\toks27
) (C:\Program Files\MiKTeX\tex/latex/epstopdf-pkg\epstopdf-base.sty
Package: epstopdf-base 2020-01-24 v2.11 Base part for package epstopdf
Package epstopdf-base Info: Redefining graphics rule for `.eps' on input line 4
85.

(C:\Program Files\MiKTeX\tex/latex/00miktex\epstopdf-sys.cfg
File: epstopdf-sys.cfg 2021/03/18 v2.0 Configuration of epstopdf for MiKTeX
))
(C:\Program Files\MiKTeX\tex/latex/microtype\mt-cmr.cfg
File: mt-cmr.cfg 2013/05/19 v2.2 microtype config. file: Computer Modern Roman 
(RS)
)
LaTeX Font Info:    Trying to load font information for U+msa on input line 59.


(C:\Program Files\MiKTeX\tex/latex/amsfonts\umsa.fd
File: umsa.fd 2013/01/14 v3.01 AMS symbols A
)
(C:\Program Files\MiKTeX\tex/latex/microtype\mt-msa.cfg
File: mt-msa.cfg 2006/02/04 v1.1 microtype config. file: AMS symbols (a) (RS)
)
LaTeX Font Info:    Trying to load font information for U+msb on input line 59.


(C:\Program Files\MiKTeX\tex/latex/amsfonts\umsb.fd
File: umsb.fd 2013/01/14 v3.01 AMS symbols B
)
(C:\Program Files\MiKTeX\tex/latex/microtype\mt-msb.cfg
File: mt-msb.cfg 2005/06/01 v1.0 microtype config. file: AMS symbols (b) (RS)
)
LaTeX Font Info:    Trying to load font information for T1+cmtt on input line 5
9.

(C:\Program Files\MiKTeX\tex/latex/base\t1cmtt.fd
File: t1cmtt.fd 2019/12/16 v2.5j Standard LaTeX font definitions
)
Package microtype Info: Loading generic protrusion settings for font family
(microtype)             `cmtt' (encoding: T1).
(microtype)             For optimal results, create family-specific settings.
(microtype)             See the microtype manual for details.


Package natbib Warning: Citation `Camacho-Collados' on page 1 undefined on inpu
t line 66.


Package natbib Warning: Citation `Bengio2003' on page 1 undefined on input line
 66.


Package natbib Warning: Citation `mikolov2013distributed' on page 1 undefined o
n input line 66.


Package natbib Warning: Citation `pennington2014glove' on page 1 undefined on i
nput line 66.


Package natbib Warning: Citation `peters2018deep' on page 1 undefined on input 
line 66.


Package natbib Warning: Citation `conneau2017supervised' on page 1 undefined on
 input line 70.


Package natbib Warning: Citation `arora2016simple' on page 1 undefined on input
 line 72.


Package natbib Warning: Citation `DBLP:journals/corr/abs-1803-01400' on page 1 
undefined on input line 72.


Package natbib Warning: Citation `conneau2017supervised' on page 1 undefined on
 input line 72.

[1


{C:/Users/tongyuhong/AppData/Local/MiKTeX/pdftex/config/pdftex.map}]

Package natbib Warning: Citation `kiros2015skip' on page 2 undefined on input l
ine 74.


Package natbib Warning: Citation `mikolov2013distributed' on page 2 undefined o
n input line 74.


Package natbib Warning: Citation `conneau2017supervised' on page 2 undefined on
 input line 74.


Package natbib Warning: Citation `bowman2015large' on page 2 undefined on input
 line 75.


Package natbib Warning: Citation `conneau2017supervised' on page 2 undefined on
 input line 75.


Package natbib Warning: Citation `kiros2015skip' on page 2 undefined on input l
ine 75.


Package natbib Warning: Citation `DBLP:journals/corr/abs-1803-11175' on page 2 
undefined on input line 75.


Package natbib Warning: Citation `vaswani2017attention' on page 2 undefined on 
input line 75.


Package natbib Warning: Citation `conneau2017supervised' on page 2 undefined on
 input line 75.


Package natbib Warning: Citation `Bengio2003' on page 2 undefined on input line
 77.


Package natbib Warning: Citation `peters2018deep' on page 2 undefined on input 
line 77.


Package natbib Warning: Citation `radford2018unsupervised' on page 2 undefined 
on input line 77.


Package natbib Warning: Citation `DBLP:journals/corr/abs-1801-06146' on page 2 
undefined on input line 77.


Package natbib Warning: Citation `conneau2018senteval' on page 2 undefined on i
nput line 79.


Package natbib Warning: Citation `conneau2018you' on page 2 undefined on input 
line 81.


Package natbib Warning: Citation `conneau2018senteval' on page 2 undefined on i
nput line 81.


Package natbib Warning: Citation `DBLP:journals/corr/abs-1803-11175' on page 2 
undefined on input line 81.


Package natbib Warning: Citation `conneau2018you' on page 2 undefined on input 
line 83.


Package natbib Warning: Citation `conneau2018senteval' on page 2 undefined on i
nput line 83.


Package natbib Warning: Citation `Bengio2003' on page 2 undefined on input line
 92.


Package natbib Warning: Citation `mikolov2013distributed' on page 2 undefined o
n input line 92.


Package natbib Warning: Citation `mikolov2013distributed' on page 2 undefined o
n input line 92.


Package natbib Warning: Citation `NIPS2014_5477' on page 2 undefined on input l
ine 92.

[2]

Package natbib Warning: Citation `pennington2014glove' on page 3 undefined on i
nput line 94.


Package natbib Warning: Citation `bojanowski2016enriching' on page 3 undefined 
on input line 96.


Package natbib Warning: Citation `joulin2016bag' on page 3 undefined on input l
ine 96.


Package natbib Warning: Citation `peters2018deep' on page 3 undefined on input 
line 98.


Package natbib Warning: Citation `peters2018deep' on page 3 undefined on input 
line 98.


Package natbib Warning: Citation `bojanowski2016enriching' on page 3 undefined 
on input line 100.


Package natbib Warning: Citation `peters2018deep' on page 3 undefined on input 
line 100.


Package natbib Warning: Citation `peters2018deep' on page 3 undefined on input 
line 100.


Package natbib Warning: Citation `peters2018deep' on page 3 undefined on input 
line 100.


Package natbib Warning: Citation `peters2018deep' on page 3 undefined on input 
line 100.


Package natbib Warning: Citation `wittgenstein1953philosophical' on page 3 unde
fined on input line 102.


Package natbib Warning: Citation `peters2018deep' on page 3 undefined on input 
line 102.


Package natbib Warning: Citation `wittgenstein1953philosophical' on page 3 unde
fined on input line 102.


Package natbib Warning: Citation `DBLP:journals/corr/abs-1803-01400' on page 3 
undefined on input line 105.


Package natbib Warning: Citation `DBLP:journals/corr/abs-1803-01400' on page 3 
undefined on input line 105.


Package natbib Warning: Citation `kiros2015skip' on page 3 undefined on input l
ine 131.

[3]

Package natbib Warning: Citation `conneau2017supervised' on page 4 undefined on
 input line 133.


Package natbib Warning: Citation `bowman2015large' on page 4 undefined on input
 line 133.


Package natbib Warning: Citation `DBLP:journals/corr/abs-1803-01400' on page 4 
undefined on input line 135.


Package natbib Warning: Citation `conneau2017supervised' on page 4 undefined on
 input line 135.


Package natbib Warning: Citation `pagliardini2017unsupervised' on page 4 undefi
ned on input line 135.


Package natbib Warning: Citation `conneau2017supervised' on page 4 undefined on
 input line 135.


Package natbib Warning: Citation `hardy1952inequalities' on page 4 undefined on
 input line 135.


Package natbib Warning: Citation `DBLP:journals/corr/abs-1803-11175' on page 4 
undefined on input line 137.


Package natbib Warning: Citation `vaswani2017attention' on page 4 undefined on 
input line 137.


Package natbib Warning: Citation `iyyer2015deep' on page 4 undefined on input l
ine 137.


Package natbib Warning: Citation `le2014distributed' on page 4 undefined on inp
ut line 139.


Package natbib Warning: Citation `hill2016learning' on page 4 undefined on inpu
t line 139.


Package natbib Warning: Citation `pagliardini2017unsupervised' on page 4 undefi
ned on input line 139.


Underfull \hbox (badness 3250) in paragraph at lines 139--140
[]\T1/ptm/m/n/10 (+20) Some other ef-forts in cre-at-ing sen-tences em-bed-ding
s in-clude, but are not lim-ited to,
 []


Package natbib Warning: Citation `bakarov2018survey' on page 4 undefined on inp
ut line 146.


Package natbib Warning: Citation `conneau2018senteval' on page 4 undefined on i
nput line 148.


Package natbib Warning: Citation `conneau2018senteval' on page 4 undefined on i
nput line 148.


Package natbib Warning: Citation `hu2004mining' on page 4 undefined on input li
ne 174.


Package natbib Warning: Citation `wiebe2005annotating' on page 4 undefined on i
nput line 174.


Package natbib Warning: Citation `pang2005seeing' on page 4 undefined on input 
line 174.


Package natbib Warning: Citation `socher2013recursive' on page 4 undefined on i
nput line 174.


Underfull \hbox (badness 4013) in paragraph at lines 174--174
[]|\T1/ptm/m/n/10 (+20) Audrey Tautou has a
 []


Package natbib Warning: Citation `socher2013recursive' on page 4 undefined on i
nput line 174.


Underfull \hbox (badness 6493) in paragraph at lines 174--174
[]|\T1/ptm/m/n/10 (+20) Sentiment anal-y-sis with $\OT1/cmr/m/n/10 5$
 []


Package natbib Warning: Citation `pang2004sentimental' on page 4 undefined on i
nput line 174.


Package natbib Warning: Citation `voorhees2000building' on page 4 undefined on 
input line 174.


Package natbib Warning: Citation `lin2014microsoft' on page 4 undefined on inpu
t line 199.


Underfull \hbox (badness 1448) in paragraph at lines 199--199
\T1/ptm/m/n/10 (+20) on some horses
 []


Package natbib Warning: Citation `dolan2004unsupervised' on page 4 undefined on
 input line 199.


Underfull \hbox (badness 8019) in paragraph at lines 199--199
\T1/ptm/m/n/10 (+20) a pair of sen-
 []


Underfull \hbox (badness 10000) in paragraph at lines 199--199
\T1/ptm/m/n/10 (+20) tences cap-ture
 []


Underfull \hbox (badness 10000) in paragraph at lines 199--199
\T1/ptm/m/n/10 (+20) a para-phrase
 []


Underfull \hbox (badness 10000) in paragraph at lines 199--199
[]|\T1/ptm/m/n/10 (+20) The pro-ce-dure
 []


Underfull \hbox (badness 10000) in paragraph at lines 199--199
\T1/ptm/m/n/10 (+20) is gen-er-ally
 []


Underfull \hbox (badness 2717) in paragraph at lines 199--199
\T1/ptm/m/n/10 (+20) sec-ond or third
 []


Underfull \hbox (badness 1448) in paragraph at lines 199--199
\T1/ptm/m/n/10 (+20) used dur-ing the
 []


Underfull \hbox (badness 1400) in paragraph at lines 199--199
\T1/ptm/m/n/10 (+20) sec-ond and, oc-
 []


Underfull \hbox (badness 1990) in paragraph at lines 199--199
\T1/ptm/m/n/10 (+20) ca-sion-ally, third
 []


Package natbib Warning: Citation `cer2017semeval' on page 4 undefined on input 
line 199.


Underfull \hbox (badness 1062) in paragraph at lines 199--199
\T1/ptm/m/n/10 (+20) leak kills 15 in
 []


Package natbib Warning: Citation `marelli2014sick' on page 4 undefined on input
 line 199.


Underfull \hbox (badness 5446) in paragraph at lines 199--199
[]|\T1/ptm/m/n/10 (+20) To mea-sure se-
 []


Underfull \hbox (badness 10000) in paragraph at lines 199--199
\T1/ptm/m/n/10 (+20) of En-tail-ment,
 []


Underfull \hbox (badness 2277) in paragraph at lines 199--199
\T1/ptm/m/n/10 (+20) on a chair and
 []


Underfull \hbox (badness 1132) in paragraph at lines 199--199
\T1/ptm/m/n/10 (+20) and rub-bing his
 []


Package natbib Warning: Citation `marelli2014sick' on page 4 undefined on input
 line 199.


Underfull \hbox (badness 2828) in paragraph at lines 199--199
[]|\T1/ptm/m/n/10 (+20) To mea-sure the
 []


Underfull \hbox (badness 4132) in paragraph at lines 199--199
\T1/ptm/m/n/10 (+20) tween sen-tences
 []


Underfull \hbox (badness 2245) in paragraph at lines 199--199
\T1/ptm/m/n/10 (+20) from $\OT1/cmr/m/n/10 0$ \T1/ptm/m/n/10 (+20) (not re-
 []


Underfull \hbox (badness 3281) in paragraph at lines 199--199
\T1/ptm/m/n/10 (+20) lated) to $\OT1/cmr/m/n/10 5$ \T1/ptm/m/n/10 (+20) (re-
 []


Underfull \hbox (badness 6173) in paragraph at lines 199--199
\T1/ptm/m/n/10 (+20) a pack-age that
 []


Underfull \hbox (badness 10000) in paragraph at lines 199--199
\T1/ptm/m/n/10 (+20) con-tains head-
 []


Package natbib Warning: Citation `bowman2015large' on page 4 undefined on input
 line 199.


Underfull \hbox (badness 5446) in paragraph at lines 199--199
[]|\T1/ptm/m/n/10 (+20) To mea-sure se-
 []


Underfull \hbox (badness 10000) in paragraph at lines 199--199
\T1/ptm/m/n/10 (+20) of En-tail-ment,
 []


Underfull \hbox (badness 5105) in paragraph at lines 199--199
\T1/ptm/m/n/10 (+20) is rid-ing on a
 []


Underfull \hbox (badness 2237) in paragraph at lines 199--199
[]|\T1/ptm/m/n/10 (+20) The carousel is
 []


Package natbib Warning: Citation `conneau2018you' on page 4 undefined on input 
line 206.


Package natbib Warning: Citation `conneau2018you' on page 4 undefined on input 
line 206.


Package natbib Warning: Citation `conneau2018you' on page 4 undefined on input 
line 206.


Underfull \hbox (badness 3029) in paragraph at lines 238--238
\T1/ptm/m/n/10 (+20) two co-or-di-nate clauses.
 []


Underfull \hbox (badness 2644) in paragraph at lines 238--238
\T1/ptm/m/n/10 (+20) De-tect whether clauses
 []


Underfull \hbox (badness 6691) in paragraph at lines 238--238
[]|\T1/ptm/m/n/10 (+20) He re-ceived the 200
 []


Underfull \hbox (badness 10000) in paragraph at lines 238--238
[]|\T1/ptm/m/n/10 (+20) Predict the sen-tence
 []


Underfull \hbox (badness 10000) in paragraph at lines 238--238
[]|\T1/ptm/m/n/10 (+20) Predict the max-i-mum
 []


Underfull \hbox (badness 4316) in paragraph at lines 238--238
[]|\T1/ptm/m/n/10 (+20) She eyed him skep-ti-
 []

[4]

Package natbib Warning: Citation `peters2018deep' on page 5 undefined on input 
line 247.


Package natbib Warning: Citation `Gardner2017AllenNLP' on page 5 undefined on i
nput line 247.


Package natbib Warning: Citation `peters2018deep' on page 5 undefined on input 
line 247.


Package natbib Warning: Citation `peters2018deep' on page 5 undefined on input 
line 247.


Package natbib Warning: Citation `peters2018deep' on page 5 undefined on input 
line 249.


Package natbib Warning: Citation `Gardner2017AllenNLP' on page 5 undefined on i
nput line 249.


Package natbib Warning: Citation `peters2018deep' on page 5 undefined on input 
line 249.


Package natbib Warning: Citation `peters2018deep' on page 5 undefined on input 
line 249.


Package natbib Warning: Citation `peters2018deep' on page 5 undefined on input 
line 251.


Package natbib Warning: Citation `peters2018deep' on page 5 undefined on input 
line 251.


Package natbib Warning: Citation `peters2018deep' on page 5 undefined on input 
line 251.


Package natbib Warning: Citation `peters2018deep' on page 5 undefined on input 
line 253.


Package natbib Warning: Citation `bojanowski2016enriching' on page 5 undefined 
on input line 255.

[5]

Package natbib Warning: Citation `pennington2014glove' on page 6 undefined on i
nput line 257.


Package natbib Warning: Citation `mikolov2013distributed' on page 6 undefined o
n input line 259.


Package natbib Warning: Citation `DBLP:journals/corr/abs-1803-01400' on page 6 
undefined on input line 261.


Package natbib Warning: Citation `kiros2015skip' on page 6 undefined on input l
ine 263.


Package natbib Warning: Citation `conneau2017supervised' on page 6 undefined on
 input line 265.


Package natbib Warning: Citation `DBLP:journals/corr/abs-1803-11175' on page 6 
undefined on input line 267.


Package natbib Warning: Citation `iyyer2015deep' on page 6 undefined on input l
ine 267.


Underfull \vbox (badness 10000) has occurred while \output is active []

 [6]

Package natbib Warning: Citation `DBLP:journals/corr/abs-1803-11175' on page 7 
undefined on input line 270.


Package natbib Warning: Citation `vaswani2017attention' on page 7 undefined on 
input line 270.


Underfull \hbox (badness 5637) in paragraph at lines 270--271
[]\T1/ptm/b/n/10 (+20) USE (Trans-former) \T1/ptm/m/n/10 (+20) [\T1/ptm/b/n/10 
(+20) ? \T1/ptm/m/n/10 (+20) ]: the Uni-ver-sal Sen-tence En-coder (USE) was ob
-tained
 []


Underfull \hbox (badness 10000) in paragraph at lines 270--271
\T1/ptm/m/n/10 (+20) from the TF Hub web-site at []$\T1/cmtt/m/n/10 https : / /
 www . tensorflow . org / hub / modules / google /
 []


Package natbib Warning: Citation `conneau2018senteval' on page 7 undefined on i
nput line 274.


Package natbib Warning: Citation `journals/corr/KingmaB14' on page 7 undefined 
on input line 274.


LaTeX Warning: `h' float specifier changed to `ht'.


Package natbib Warning: Citation `conneau2018senteval' on page 7 undefined on i
nput line 299.


Package natbib Warning: Citation `conneau2018senteval' on page 7 undefined on i
nput line 301.

[7]

Package natbib Warning: Citation `lin2014microsoft' on page 8 undefined on inpu
t line 304.


Package natbib Warning: Citation `he2016deep' on page 8 undefined on input line
 304.


Package natbib Warning: Citation `journals/corr/KingmaB14' on page 8 undefined 
on input line 308.


Package natbib Warning: Citation `conneau2018you' on page 8 undefined on input 
line 308.


Package natbib Warning: Citation `peters2018deep' on page 8 undefined on input 
line 314.


Package natbib Warning: Citation `peters2018deep' on page 8 undefined on input 
line 314.


Package natbib Warning: Citation `peters2018deep' on page 8 undefined on input 
line 314.


Package natbib Warning: Citation `peters2018deep' on page 8 undefined on input 
line 314.


Package natbib Warning: Citation `conneau2017supervised' on page 8 undefined on
 input line 314.


Package natbib Warning: Citation `conneau2017supervised' on page 8 undefined on
 input line 316.


Package natbib Warning: Citation `conneau2017supervised' on page 8 undefined on
 input line 316.


Package natbib Warning: Citation `conneau2017supervised' on page 8 undefined on
 input line 316.


Package natbib Warning: Citation `DBLP:journals/corr/abs-1803-11175' on page 8 
undefined on input line 318.


Package natbib Warning: Citation `DBLP:journals/corr/abs-1803-01400' on page 8 
undefined on input line 320.


Package natbib Warning: Citation `peters2018deep' on page 8 undefined on input 
line 322.

[8]

Package natbib Warning: Citation `DBLP:journals/corr/abs-1803-11175' on page 9 
undefined on input line 368.


Package natbib Warning: Citation `conneau2017supervised' on page 9 undefined on
 input line 368.


Package natbib Warning: Citation `peters2018deep' on page 9 undefined on input 
line 414.


Package natbib Warning: Citation `peters2018deep' on page 9 undefined on input 
line 414.

[9]

Package natbib Warning: Citation `conneau2018you' on page 10 undefined on input
 line 416.


Package natbib Warning: Citation `conneau2018you' on page 10 undefined on input
 line 417.


Package natbib Warning: Citation `peters2018deep' on page 10 undefined on input
 line 417.


Package natbib Warning: Citation `peters2018deep' on page 10 undefined on input
 line 417.


Package natbib Warning: Citation `peters2018deep' on page 10 undefined on input
 line 417.


Package natbib Warning: Citation `BharathCVPR2015' on page 10 undefined on inpu
t line 417.


Package natbib Warning: Citation `peters2018deep' on page 10 undefined on input
 line 417.


Package natbib Warning: Citation `conneau2018you' on page 10 undefined on input
 line 419.


Package natbib Warning: Citation `DBLP:journals/corr/abs-1803-01400' on page 10
 undefined on input line 419.


Package natbib Warning: Citation `peters2018deep' on page 10 undefined on input
 line 419.


Package natbib Warning: Citation `conneau2017supervised' on page 10 undefined o
n input line 419.


Package natbib Warning: Citation `DBLP:journals/corr/abs-1803-01400' on page 10
 undefined on input line 419.


Package natbib Warning: Citation `lin2014microsoft' on page 10 undefined on inp
ut line 460.


Package natbib Warning: Citation `lin2014microsoft' on page 10 undefined on inp
ut line 464.


Package natbib Warning: Citation `he2016deep' on page 10 undefined on input lin
e 464.


Package natbib Warning: Citation `lin2014microsoft' on page 10 undefined on inp
ut line 464.


Package natbib Warning: Citation `he2016deep' on page 10 undefined on input lin
e 464.


Package natbib Warning: Citation `conneau2017supervised' on page 10 undefined o
n input line 496.


Package natbib Warning: Citation `conneau2017supervised' on page 10 undefined o
n input line 496.

[10]

Package natbib Warning: Citation `peters2018deep' on page 11 undefined on input
 line 503.


Package natbib Warning: Citation `peters2018deep' on page 11 undefined on input
 line 508.


Package natbib Warning: Citation `conneau2017supervised' on page 11 undefined o
n input line 508.


Package natbib Warning: Citation `peters2018deep' on page 11 undefined on input
 line 508.


Package natbib Warning: Citation `conneau2018senteval' on page 11 undefined on 
input line 511.

(main.bbl

Package natbib Warning: Empty `thebibliography' environment on input line 8.

)

LaTeX Warning: `h' float specifier changed to `ht'.


LaTeX Warning: `h' float specifier changed to `ht'.


Package natbib Warning: There were undefined citations.

[11] [12] (main.aux)
Package rerunfilecheck Info: File `main.out' has not changed.
(rerunfilecheck)             Checksum: 8B6C60057EC4FE18A4C62B1B91D184E1;3212.
 ) 
Here is how much of TeX's memory you used:
 11366 strings out of 478870
 170785 string characters out of 2858678
 550564 words of memory out of 3000000
 28760 multiletter control sequences out of 15000+600000
 449966 words of font info for 254 fonts, out of 8000000 for 9000
 1141 hyphenation exceptions out of 8191
 72i,13n,80p,1030b,385s stack positions out of 5000i,500n,10000p,200000b,80000s
{C:/Program Files/MiKTeX/fonts/enc/dvips/base/8r.enc} <C:\Users\tongyuhong\Ap
pData\Local\MiKTeX\fonts/pk/ljfour/jknappen/ec/dpi600\ectt1000.pk><C:/Program F
iles/MiKTeX/fonts/type1/public/amsfonts/cm/cmmi10.pfb><C:/Program Files/MiKTeX/
fonts/type1/public/amsfonts/cm/cmr10.pfb><C:/Program Files/MiKTeX/fonts/type1/p
ublic/amsfonts/cm/cmsy10.pfb><C:/Program Files/MiKTeX/fonts/type1/urw/times/utm
b8a.pfb><C:/Program Files/MiKTeX/fonts/type1/urw/times/utmr8a.pfb><C:/Program F
iles/MiKTeX/fonts/type1/urw/times/utmri8a.pfb>
Output written on main.pdf (12 pages, 162831 bytes).
PDF statistics:
 277 PDF objects out of 1000 (max. 8388607)
 49 named destinations out of 1000 (max. 500000)
 44185 words of extra memory for PDF output out of 51595 (max. 10000000)

